<?xml version="1.0" encoding="UTF-8" ?>
<testsuite tests="18" failures="0" name="com.apothuaud.automation.bdd.TestRunner" time="39.388" errors="0" skipped="0">
  <properties>
[...]
</properties>
  <testcase classname="[CuraHealthcare] Authentication" name="Nominal Case" time="7.44"/>
  <testcase classname="[Jsonplaceholder][Albums] Create an Album" name="Create an album - v1" time="2.562"/>
  <testcase classname="[Jsonplaceholder][Albums] Create an Album" name="Create an album - v2" time="0.353"/>
  <testcase classname="[Jsonplaceholder][Albums] Create an Album" name="Create an album - v3" time="0.557"/>
  <testcase classname="[Jsonplaceholder][Albums] Delete an Album" name="Delete an album - v1" time="0.315"/>
  <testcase classname="[Jsonplaceholder][Albums] Delete an Album" name="Delete an album - v2" time="0.283"/>
  <testcase classname="[Jsonplaceholder][Albums] Read an Album" name="Read an album - v1" time="0.135"/>
  <testcase classname="[Jsonplaceholder][Albums] Read an Album" name="Read an album - v2" time="0.097"/>
  <testcase classname="[Jsonplaceholder][Albums] Read Albums List" name="Read albums" time="0.2"/>
  <testcase classname="[Jsonplaceholder][Albums] Update an Album" name="Update an album" time="0.481"/>
  <testcase classname="[Spotify][Playlists] Create a Playlist" name="Nominal Case" time="5.663"/>
  <testcase classname="[Spotify][Playlists] Create a Playlist" name="Error Case - no auth token" time="0.115"/>
  <testcase classname="[Spotify][Playlists] CRUD" name="Nominal Case" time="6.392"/>
  <testcase classname="[Spotify][Playlists] Read a Playlist" name="Nominal Case" time="5.285"/>
  <testcase classname="[Spotify][Playlists] Read a Playlist" name="Error Case - no auth token" time="0.107"/>
  <testcase classname="[Spotify][Playlists] Update a Playlist" name="Nominal Case" time="5.228"/>
  <testcase classname="[Spotify][Playlists] Update a Playlist" name="Error Case - no auth token" time="0.091"/>
  <testcase classname="[TheInternet] Form Authentication" name="Nominal Case" time="4.084"/>
</testsuite>